
=============
System health check report
Generated at: 2026-05-15 12:01:40
=============

CPU Usage: 7.2%
Status: OK

Memory Usage: 55.8%
Used: 7.72 GB / 13.84 GB
Status: OK

Disk Usage: 44.3%
Used: 211.1 GB / 476.07 GB
Free: 264.97 GB
Status: OK

Network Sent: 6.19 MB
Network Received: 4.57 MB
Report complete.

=============
System health check report
Generated at: 2026-05-15 12:36:21
=============

CPU Usage: 12.5%
Status: OK

Memory Usage: 57.6%
Used: 7.98 GB / 13.84 GB
Status: OK

Disk Usage: 44.3%
Used: 211.09 GB / 476.07 GB
Free: 264.97 GB
Status: OK

Network Sent: 8.16 MB
Network Received: 7.13 MB
Report complete.

=============
System health check report
Generated at: 2026-05-16 07:47:28
=============

CPU Usage: 2.7%
Status: OK

Memory Usage: 51.7%
Used: 7.16 GB / 13.84 GB
Status: OK

Disk Usage: 44.1%
Used: 209.88 GB / 476.07 GB
Free: 266.19 GB
Status: OK

Network Sent: 8.2 MB
Network Received: 64.41 MB
Report complete.

=============
System health check report
Generated at: 2026-05-16 08:11:25
=============

CPU Usage: 2.9%
Status: OK

Memory Usage: 55.7%
Used: 7.71 GB / 13.84 GB
Status: OK

Disk Usage: 44.1%
Used: 209.86 GB / 476.07 GB
Free: 266.21 GB
Status: OK

Network Sent: 19.21 MB
Network Received: 72.55 MB
Report complete.

=============
System health check report
Generated at: 2026-05-16 08:11:36
=============

CPU Usage: 2.1%
Status: OK

Memory Usage: 55.7%
Used: 7.71 GB / 13.84 GB
Status: OK

Disk Usage: 44.1%
Used: 209.86 GB / 476.07 GB
Free: 266.21 GB
Status: OK

Network Sent: 19.26 MB
Network Received: 72.56 MB
Report complete.

=============
System health check report
Generated at: 2026-05-16 08:11:47
=============

CPU Usage: 4.4%
Status: OK

Memory Usage: 54.4%
Used: 7.53 GB / 13.84 GB
Status: OK

Disk Usage: 44.1%
Used: 209.86 GB / 476.07 GB
Free: 266.2 GB
Status: OK

Network Sent: 19.28 MB
Network Received: 72.57 MB
Report complete.

=============
System health check report
Generated at: 2026-05-16 08:11:58
=============

CPU Usage: 3.4%
Status: OK

Memory Usage: 55.7%
Used: 7.72 GB / 13.84 GB
Status: OK

Disk Usage: 44.1%
Used: 209.86 GB / 476.07 GB
Free: 266.2 GB
Status: OK

Network Sent: 19.29 MB
Network Received: 72.6 MB
Report complete.

=============
System health check report
Generated at: 2026-05-16 08:34:28
=============

CPU Usage: 7.0%
Status: OK

Memory Usage: 56.3%
Used: 7.8 GB / 13.84 GB
Status: OK

Disk Usage: 44.1%
Used: 209.87 GB / 476.07 GB
Free: 266.2 GB
Status: OK

Network Sent: 33.8 MB
Network Received: 78.08 MB
Report complete.

=============
System health check report
Generated at: 2026-05-16 08:48:28
=============

CPU Usage: 6.4%
Status: OK

Memory Usage: 56.2%
Used: 7.79 GB / 13.84 GB
Status: OK

Disk Usage: 44.1%
Used: 209.85 GB / 476.07 GB
Free: 266.21 GB
Status: OK

Network Sent: 41.86 MB
Network Received: 83.84 MB
Report complete.

=============
System health check report
Generated at: 2026-05-16 08:48:40
=============

CPU Usage: 5.5%
Status: OK

Memory Usage: 55.6%
Used: 7.7 GB / 13.84 GB
Status: OK

Disk Usage: 44.1%
Used: 209.85 GB / 476.07 GB
Free: 266.21 GB
Status: OK

Network Sent: 41.87 MB
Network Received: 83.86 MB
Report complete.
